Arguments: 
  C:\Program Files\nodejs\node.exe C:\Program Files (x86)\Yarn\bin\yarn.js add re

PATH: 
  C:\Users\Dell\AppData\Roaming\npm\node_modules\npm\node_modules\npm-lifecycle\node-gyp-bin;C:\Users\Dell\Desktop\clone\OSH-barometer-migration\node_modules\.bin;C:\Program Files\Git\mingw64\bin;C:\Program Files\Git\usr\bin;C:\Users\Dell\bin;C:\Program Files (x86)\Common Files\Oracle\Java\javapath;C:\Python27;C:\Python27\Scripts;C:\WINDOWS\system32;C:\WINDOWS;C:\WINDOWS\System32\Wbem;C:\WINDOWS\System32\WindowsPowerShell\v1.0;C:\WINDOWS\System32\OpenSSH;C:\ProgramData\chocolatey\bin;C:\Program Files\Java\jdk1.8.0_231\bin;C:\Program Files (x86)\Yarn\bin;C:\Program Files\nodejs;C:\Program Files\AutoFirma\AutoFirma;C:\Program Files\Git\cmd;C:\Users\Dell\AppData\Local\jdk-11.0.2\bin;C:\Users\Dell\AppData\Local\Microsoft\WindowsApps;C:\Users\Dell\AppData\Local\Programs\Microsoft VS Code\bin;C:\Users\Dell\AppData\Local\Yarn\bin;C:\Program Files\MongoDB\Server\4.2\bin;C:\Users\Dell\AppData\Local\Android\Sdk\platform-tools;C:\Users\Dell\AppData\Local\Microsoft\WindowsApps;C:\Users\Dell\AppData\Roaming\npm

Yarn version: 
  1.21.1

Node version: 
  14.15.4

Platform: 
  win32 x64

Trace: 
  Error: EPERM: operation not permitted, unlink 'C:\Users\Dell\Desktop\clone\OSH-barometer-migration\node_modules\deasync\bin\win32-x64-node-14\deasync.node'

npm manifest: 
  {
    "name": "osha-dvt-barometer",
    "version": "1.0.0",
    "description": "",
    "main": "index.js",
    "scripts": {
      "clearcache": "rm -rf .cache/ dist/",
      "setlocal": "cp conf/.env.local ./.env",
      "settest": "cp conf/.env.test ./.env",
      "setstaging": "cp conf/.env.staging ./.env",
      "setprod": "cp conf/.env.prod ./.env",
      "dev": "parcel src/index.html",
      "build": "parcel build src/index.html",
      "buildtest": "npm run clearcache && npm run settest && npm run build",
      "start": "npm run build && live-server dist",
      "buildstaging": "npm run clearcache && npm run setstaging && npm run build",
      "buildprod": "npm run clearcache && npm run setprod && npm run build"
    },
    "staticFiles": {
      "staticPath": [
        {
          "staticPath": "src/pdf/osh-authorities",
          "staticOutDir": "generic-information/osh-authorities"
        },
        {
          "staticPath": "src/pdf/country-profile",
          "staticOutDir": "osh-steering/country-profile"
        },
        {
          "staticPath": "src/pdf/social-dialogue",
          "staticOutDir": "osh-steering/social-dialogue"
        },
        {
          "staticPath": "src/pdf/country-report",
          "staticOutDir": "country-report"
        }
      ],
      "watcherGlob": "**"
    },
    "keywords": [],
    "author": "",
    "license": "ISC",
    "dependencies": {
      "@babel/generator": "7.13.0",
      "@babel/parser": "7.13.0",
      "@babel/preset-env": "7.13.0",
      "@babel/runtime": "7.13.0",
      "@fortawesome/fontawesome-svg-core": "^1.2.34",
      "@fortawesome/free-brands-svg-icons": "^5.15.2",
      "@fortawesome/free-regular-svg-icons": "^5.15.2",
      "@fortawesome/free-solid-svg-icons": "^5.15.2",
      "@fortawesome/react-fontawesome": "^0.1.14",
      "@highcharts/map-collection": "^1.1.3",
      "axios": "^0.21.1",
      "bootstrap": "^4.6.0",
      "highcharts": "^9.0.0",
      "highcharts-react-official": "^3.0.0",
      "history": "^5.0.0",
      "html-react-parser": "^1.2.4",
      "img": "^3.0.3",
      "jquery": "^3.6.0",
      "live-server": "^1.2.1",
      "parcel-bundler": "^1.12.4",
      "react": "^17.0.1",
      "react-bootstrap": "^1.5.1",
      "react-dom": "^17.0.1",
      "react-dotenv": "^0.1.3",
      "react-html-parser": "^2.0.2",
      "react-redux": "^7.2.2",
      "react-router-dom": "^5.2.0",
      "react-select": "^4.3.0",
      "react-share": "^4.4.0",
      "redux": "^4.0.5",
      "save": "^2.4.0"
    },
    "devDependencies": {
      "parcel-plugin-static-files-copy": "^2.6.0",
      "sass": "^1.32.6"
    }
  }

yarn manifest: 
  No manifest

Lockfile: 
  No lockfile
